db/drizzle/relations.ts(45,21): error TS2339: Property 'qbCategory' does not exist on type '{ readonly prismaMigrations: OneFn<SQLiteTableWithColumns<{ name: "_prisma_migrations"; schema: undefined; columns: { id: SQLiteColumn<{ name: string; tableName: "_prisma_migrations"; dataType: "string"; data: string; driverParam: string; ... 8 more ...; generated: undefined; }, {}>; ... 6 more ...; appliedStepsCoun...'.
db/drizzle/relations.ts(46,12): error TS2339: Property 'qbCategory' does not exist on type 'RelationsBuilder<ExtractTablesFromSchema<typeof import("Z:/labs/start-basic/db/drizzle/schema")>>'.
db/drizzle/relations.ts(47,10): error TS2339: Property 'qbCategory' does not exist on type 'RelationsBuilder<ExtractTablesFromSchema<typeof import("Z:/labs/start-basic/db/drizzle/schema")>>'.
db/drizzle/relations.ts(50,24): error TS2339: Property 'qbCategory' does not exist on type '{ readonly prismaMigrations: ManyFn<SQLiteTableWithColumns<{ name: "_prisma_migrations"; schema: undefined; columns: { id: SQLiteColumn<{ name: string; tableName: "_prisma_migrations"; dataType: "string"; data: string; driverParam: string; ... 8 more ...; generated: undefined; }, {}>; ... 6 more ...; appliedStepsCou...'.
db/drizzle/relations.ts(53,23): error TS2339: Property 'qbQuestion' does not exist on type '{ readonly prismaMigrations: ManyFn<SQLiteTableWithColumns<{ name: "_prisma_migrations"; schema: undefined; columns: { id: SQLiteColumn<{ name: string; tableName: "_prisma_migrations"; dataType: "string"; data: string; driverParam: string; ... 8 more ...; generated: undefined; }, {}>; ... 6 more ...; appliedStepsCou...'.
db/drizzle/relations.ts(56,21): error TS2339: Property 'qbCategory' does not exist on type '{ readonly prismaMigrations: OneFn<SQLiteTableWithColumns<{ name: "_prisma_migrations"; schema: undefined; columns: { id: SQLiteColumn<{ name: string; tableName: "_prisma_migrations"; dataType: "string"; data: string; driverParam: string; ... 8 more ...; generated: undefined; }, {}>; ... 6 more ...; appliedStepsCoun...'.
db/drizzle/relations.ts(57,12): error TS2339: Property 'qbQuestion' does not exist on type 'RelationsBuilder<ExtractTablesFromSchema<typeof import("Z:/labs/start-basic/db/drizzle/schema")>>'.
db/drizzle/relations.ts(58,10): error TS2339: Property 'qbCategory' does not exist on type 'RelationsBuilder<ExtractTablesFromSchema<typeof import("Z:/labs/start-basic/db/drizzle/schema")>>'.
db/drizzle/relations.ts(60,18): error TS2339: Property 'qbTag' does not exist on type '{ readonly prismaMigrations: ManyFn<SQLiteTableWithColumns<{ name: "_prisma_migrations"; schema: undefined; columns: { id: SQLiteColumn<{ name: string; tableName: "_prisma_migrations"; dataType: "string"; data: string; driverParam: string; ... 8 more ...; generated: undefined; }, {}>; ... 6 more ...; appliedStepsCou...'.
db/drizzle/relations.ts(61,30): error TS2339: Property 'qbPracticeSession' does not exist on type '{ readonly prismaMigrations: ManyFn<SQLiteTableWithColumns<{ name: "_prisma_migrations"; schema: undefined; columns: { id: SQLiteColumn<{ name: string; tableName: "_prisma_migrations"; dataType: "string"; data: string; driverParam: string; ... 8 more ...; generated: undefined; }, {}>; ... 6 more ...; appliedStepsCou...'.
db/drizzle/relations.ts(62,12): error TS2339: Property 'qbQuestion' does not exist on type 'RelationsBuilder<ExtractTablesFromSchema<typeof import("Z:/labs/start-basic/db/drizzle/schema")>>'.
db/drizzle/relations.ts(62,36): error TS2339: Property 'qbPracticeAttempt' does not exist on type 'RelationsBuilder<ExtractTablesFromSchema<typeof import("Z:/labs/start-basic/db/drizzle/schema")>>'.
db/drizzle/relations.ts(63,10): error TS2339: Property 'qbPracticeSession' does not exist on type 'RelationsBuilder<ExtractTablesFromSchema<typeof import("Z:/labs/start-basic/db/drizzle/schema")>>'.
db/drizzle/relations.ts(63,41): error TS2339: Property 'qbPracticeAttempt' does not exist on type 'RelationsBuilder<ExtractTablesFromSchema<typeof import("Z:/labs/start-basic/db/drizzle/schema")>>'.
db/drizzle/relations.ts(67,23): error TS2339: Property 'qbQuestion' does not exist on type '{ readonly prismaMigrations: ManyFn<SQLiteTableWithColumns<{ name: "_prisma_migrations"; schema: undefined; columns: { id: SQLiteColumn<{ name: string; tableName: "_prisma_migrations"; dataType: "string"; data: string; driverParam: string; ... 8 more ...; generated: undefined; }, {}>; ... 6 more ...; appliedStepsCou...'.
db/drizzle/relations.ts(68,12): error TS2339: Property 'qbTag' does not exist on type 'RelationsBuilder<ExtractTablesFromSchema<typeof import("Z:/labs/start-basic/db/drizzle/schema")>>'.
db/drizzle/relations.ts(68,31): error TS2339: Property 'qbQuestionTag' does not exist on type 'RelationsBuilder<ExtractTablesFromSchema<typeof import("Z:/labs/start-basic/db/drizzle/schema")>>'.
db/drizzle/relations.ts(69,10): error TS2339: Property 'qbQuestion' does not exist on type 'RelationsBuilder<ExtractTablesFromSchema<typeof import("Z:/labs/start-basic/db/drizzle/schema")>>'.
db/drizzle/relations.ts(69,34): error TS2339: Property 'qbQuestionTag' does not exist on type 'RelationsBuilder<ExtractTablesFromSchema<typeof import("Z:/labs/start-basic/db/drizzle/schema")>>'.
db/drizzle/relations.ts(73,23): error TS2339: Property 'qbQuestion' does not exist on type '{ readonly prismaMigrations: ManyFn<SQLiteTableWithColumns<{ name: "_prisma_migrations"; schema: undefined; columns: { id: SQLiteColumn<{ name: string; tableName: "_prisma_migrations"; dataType: "string"; data: string; driverParam: string; ... 8 more ...; generated: undefined; }, {}>; ... 6 more ...; appliedStepsCou...'.
db/drizzle/schema.ts(25,35): error TS2345: Argument of type 'boolean' is not assignable to parameter of type 'string | SQL<unknown>'.
db/drizzle/schema.ts(36,29): error TS2345: Argument of type 'boolean' is not assignable to parameter of type 'string | SQL<unknown>'.
db/drizzle/schema.ts(93,29): error TS2345: Argument of type 'boolean' is not assignable to parameter of type 'string | SQL<unknown>'.
db/drizzle/schema.ts(189,30): error TS2345: Argument of type 'boolean' is not assignable to parameter of type 'string | SQL<unknown>'.
db/drizzle/schema.ts(190,32): error TS2345: Argument of type 'boolean' is not assignable to parameter of type 'string | SQL<unknown>'.
db/drizzle/schema.ts(191,30): error TS2345: Argument of type 'boolean' is not assignable to parameter of type 'string | SQL<unknown>'.
db/drizzle/schema.ts(212,30): error TS2345: Argument of type 'boolean' is not assignable to parameter of type 'string | SQL<unknown>'.
db/drizzle/schema.ts(227,30): error TS2345: Argument of type 'boolean' is not assignable to parameter of type 'string | SQL<unknown>'.
db/drizzle/schema.ts(286,30): error TS2345: Argument of type 'boolean' is not assignable to parameter of type 'string | SQL<unknown>'.
db/drizzle/schema.ts(336,35): error TS2345: Argument of type 'boolean' is not assignable to parameter of type 'string | SQL<unknown>'.
db/drizzle/schema.ts(343,28): error TS2345: Argument of type 'boolean' is not assignable to parameter of type 'string | SQL<unknown>'.
db/drizzle/schema.ts(396,30): error TS2345: Argument of type 'boolean' is not assignable to parameter of type 'string | SQL<unknown>'.
src/components/ui/resizable.tsx(10,51): error TS2339: Property 'PanelGroup' does not exist on type 'typeof import("Z:/labs/start-basic/node_modules/.pnpm/react-resizable-panels@4.6._0d475ed94dd6d320993ef6a17eda0cd1/node_modules/react-resizable-panels/dist/react-resizable-panels")'.
src/components/ui/resizable.tsx(12,25): error TS2339: Property 'PanelGroup' does not exist on type 'typeof import("Z:/labs/start-basic/node_modules/.pnpm/react-resizable-panels@4.6._0d475ed94dd6d320993ef6a17eda0cd1/node_modules/react-resizable-panels/dist/react-resizable-panels")'.
src/components/ui/resizable.tsx(33,51): error TS2339: Property 'PanelResizeHandle' does not exist on type 'typeof import("Z:/labs/start-basic/node_modules/.pnpm/react-resizable-panels@4.6._0d475ed94dd6d320993ef6a17eda0cd1/node_modules/react-resizable-panels/dist/react-resizable-panels")'.
src/components/ui/resizable.tsx(37,25): error TS2339: Property 'PanelResizeHandle' does not exist on type 'typeof import("Z:/labs/start-basic/node_modules/.pnpm/react-resizable-panels@4.6._0d475ed94dd6d320993ef6a17eda0cd1/node_modules/react-resizable-panels/dist/react-resizable-panels")'.
src/components/ui/resizable.tsx(50,26): error TS2339: Property 'PanelResizeHandle' does not exist on type 'typeof import("Z:/labs/start-basic/node_modules/.pnpm/react-resizable-panels@4.6._0d475ed94dd6d320993ef6a17eda0cd1/node_modules/react-resizable-panels/dist/react-resizable-panels")'.
src/db/drizzle/relations.ts(45,21): error TS2339: Property 'qbCategory' does not exist on type '{ readonly prismaMigrations: OneFn<SQLiteTableWithColumns<{ name: "_prisma_migrations"; schema: undefined; columns: { id: SQLiteColumn<{ name: string; tableName: "_prisma_migrations"; dataType: "string"; data: string; driverParam: string; ... 8 more ...; generated: undefined; }, {}>; ... 6 more ...; appliedStepsCoun...'.
src/db/drizzle/relations.ts(46,12): error TS2339: Property 'qbCategory' does not exist on type 'RelationsBuilder<ExtractTablesFromSchema<typeof import("Z:/labs/start-basic/src/db/drizzle/schema")>>'.
src/db/drizzle/relations.ts(47,10): error TS2339: Property 'qbCategory' does not exist on type 'RelationsBuilder<ExtractTablesFromSchema<typeof import("Z:/labs/start-basic/src/db/drizzle/schema")>>'.
src/db/drizzle/relations.ts(50,24): error TS2339: Property 'qbCategory' does not exist on type '{ readonly prismaMigrations: ManyFn<SQLiteTableWithColumns<{ name: "_prisma_migrations"; schema: undefined; columns: { id: SQLiteColumn<{ name: string; tableName: "_prisma_migrations"; dataType: "string"; data: string; driverParam: string; ... 8 more ...; generated: undefined; }, {}>; ... 6 more ...; appliedStepsCou...'.
src/db/drizzle/relations.ts(53,23): error TS2339: Property 'qbQuestion' does not exist on type '{ readonly prismaMigrations: ManyFn<SQLiteTableWithColumns<{ name: "_prisma_migrations"; schema: undefined; columns: { id: SQLiteColumn<{ name: string; tableName: "_prisma_migrations"; dataType: "string"; data: string; driverParam: string; ... 8 more ...; generated: undefined; }, {}>; ... 6 more ...; appliedStepsCou...'.
src/db/drizzle/relations.ts(56,21): error TS2339: Property 'qbCategory' does not exist on type '{ readonly prismaMigrations: OneFn<SQLiteTableWithColumns<{ name: "_prisma_migrations"; schema: undefined; columns: { id: SQLiteColumn<{ name: string; tableName: "_prisma_migrations"; dataType: "string"; data: string; driverParam: string; ... 8 more ...; generated: undefined; }, {}>; ... 6 more ...; appliedStepsCoun...'.
src/db/drizzle/relations.ts(57,12): error TS2339: Property 'qbQuestion' does not exist on type 'RelationsBuilder<ExtractTablesFromSchema<typeof import("Z:/labs/start-basic/src/db/drizzle/schema")>>'.
src/db/drizzle/relations.ts(58,10): error TS2339: Property 'qbCategory' does not exist on type 'RelationsBuilder<ExtractTablesFromSchema<typeof import("Z:/labs/start-basic/src/db/drizzle/schema")>>'.
src/db/drizzle/relations.ts(60,18): error TS2339: Property 'qbTag' does not exist on type '{ readonly prismaMigrations: ManyFn<SQLiteTableWithColumns<{ name: "_prisma_migrations"; schema: undefined; columns: { id: SQLiteColumn<{ name: string; tableName: "_prisma_migrations"; dataType: "string"; data: string; driverParam: string; ... 8 more ...; generated: undefined; }, {}>; ... 6 more ...; appliedStepsCou...'.
src/db/drizzle/relations.ts(61,30): error TS2339: Property 'qbPracticeSession' does not exist on type '{ readonly prismaMigrations: ManyFn<SQLiteTableWithColumns<{ name: "_prisma_migrations"; schema: undefined; columns: { id: SQLiteColumn<{ name: string; tableName: "_prisma_migrations"; dataType: "string"; data: string; driverParam: string; ... 8 more ...; generated: undefined; }, {}>; ... 6 more ...; appliedStepsCou...'.
src/db/drizzle/relations.ts(62,12): error TS2339: Property 'qbQuestion' does not exist on type 'RelationsBuilder<ExtractTablesFromSchema<typeof import("Z:/labs/start-basic/src/db/drizzle/schema")>>'.
src/db/drizzle/relations.ts(62,36): error TS2339: Property 'qbPracticeAttempt' does not exist on type 'RelationsBuilder<ExtractTablesFromSchema<typeof import("Z:/labs/start-basic/src/db/drizzle/schema")>>'.
src/db/drizzle/relations.ts(63,10): error TS2339: Property 'qbPracticeSession' does not exist on type 'RelationsBuilder<ExtractTablesFromSchema<typeof import("Z:/labs/start-basic/src/db/drizzle/schema")>>'.
src/db/drizzle/relations.ts(63,41): error TS2339: Property 'qbPracticeAttempt' does not exist on type 'RelationsBuilder<ExtractTablesFromSchema<typeof import("Z:/labs/start-basic/src/db/drizzle/schema")>>'.
src/db/drizzle/relations.ts(67,23): error TS2339: Property 'qbQuestion' does not exist on type '{ readonly prismaMigrations: ManyFn<SQLiteTableWithColumns<{ name: "_prisma_migrations"; schema: undefined; columns: { id: SQLiteColumn<{ name: string; tableName: "_prisma_migrations"; dataType: "string"; data: string; driverParam: string; ... 8 more ...; generated: undefined; }, {}>; ... 6 more ...; appliedStepsCou...'.
src/db/drizzle/relations.ts(68,12): error TS2339: Property 'qbTag' does not exist on type 'RelationsBuilder<ExtractTablesFromSchema<typeof import("Z:/labs/start-basic/src/db/drizzle/schema")>>'.
src/db/drizzle/relations.ts(68,31): error TS2339: Property 'qbQuestionTag' does not exist on type 'RelationsBuilder<ExtractTablesFromSchema<typeof import("Z:/labs/start-basic/src/db/drizzle/schema")>>'.
src/db/drizzle/relations.ts(69,10): error TS2339: Property 'qbQuestion' does not exist on type 'RelationsBuilder<ExtractTablesFromSchema<typeof import("Z:/labs/start-basic/src/db/drizzle/schema")>>'.
src/db/drizzle/relations.ts(69,34): error TS2339: Property 'qbQuestionTag' does not exist on type 'RelationsBuilder<ExtractTablesFromSchema<typeof import("Z:/labs/start-basic/src/db/drizzle/schema")>>'.
src/db/drizzle/relations.ts(73,23): error TS2339: Property 'qbQuestion' does not exist on type '{ readonly prismaMigrations: ManyFn<SQLiteTableWithColumns<{ name: "_prisma_migrations"; schema: undefined; columns: { id: SQLiteColumn<{ name: string; tableName: "_prisma_migrations"; dataType: "string"; data: string; driverParam: string; ... 8 more ...; generated: undefined; }, {}>; ... 6 more ...; appliedStepsCou...'.
src/modules/admin/features/audit/log/components/admin-log-provider.tsx(34,31): error TS2322: Type '(prev: RouteSearch) => { type: "audit" | "system"; page: undefined; }' is not assignable to type 'true | { page?: number | undefined; pageSize?: number | undefined; filter?: string | undefined; sortBy?: string | undefined; sortDir?: "asc" | "desc" | undefined; } | ParamsReducerFn<RouterCore<Route<Register, ... 16 more ..., undefined>, "never", true, RouterHistory, Record<...>>, "SEARCH", "/admin/log", string | u...'.
  Type '(prev: RouteSearch) => { type: "audit" | "system"; page: undefined; }' is not assignable to type 'ParamsReducerFn<RouterCore<Route<Register, any, "/", "/", string, "__root__", undefined, {}, { queryClient: QueryClient; user: any; }, AnyContext, ({ context }: BeforeLoadContextOptions<Register, ... 7 more ..., undefined>) => Promise<...>, ... 6 more ..., undefined>, "never", true, RouterHistory, Record<...>>, "SEA...'.
    Types of parameters 'prev' and 'current' are incompatible.
      Type '{ page?: number | undefined; pageSize?: number | undefined; filter?: string | undefined; sortBy?: string | undefined; sortDir?: "asc" | "desc" | undefined; }' has no properties in common with type 'RouteSearch'.
src/modules/admin/features/audit/log/hooks/use-admin-log-api.ts(75,14): error TS2352: Conversion of type '{ type: "audit"; items: { id: string; message: string | null; meta: JsonValue; createdAt: Date; userAgent: string | null; action: string; success: boolean; actorUserId: string | null; targetType: string; targetId: string | null; actorRole: string | null; ip: string | null; }[]; total: number; page: number; pageSize:...' to type 'AdminLogsPage' may be a mistake because neither type sufficiently overlaps with the other. If this was intentional, convert the expression to 'unknown' first.
  Type '{ type: "system"; items: { path: string; query: string | null; error: string | null; level: string; status: number; id: string; method: string; meta: JsonValue | null; ... 6 more ...; ip: string | null; }[]; total: number; page: number; pageSize: number; pageCount: number; }' is not comparable to type 'AdminLogsPage'.
    Types of property 'items' are incompatible.
      Type '{ path: string; query: string | null; error: string | null; level: string; status: number; id: string; method: string; meta: JsonValue; createdAt: Date; userAgent: string | null; ... 4 more ...; ip: string | null; }[]' is not comparable to type 'AdminSystemLog[] | AdminAuditLog[]'.
        Type '{ path: string; query: string | null; error: string | null; level: string; status: number; id: string; method: string; meta: JsonValue; createdAt: Date; userAgent: string | null; ... 4 more ...; ip: string | null; }[]' is not comparable to type 'AdminSystemLog[]'.
          Type '{ path: string; query: string | null; error: string | null; level: string; status: number; id: string; method: string; meta: JsonValue; createdAt: Date; userAgent: string | null; ... 4 more ...; ip: string | null; }' is not comparable to type 'AdminSystemLog'.
            Types of property 'createdAt' are incompatible.
              Type 'Date' is not comparable to type 'string'.
src/modules/admin/features/navigation/navgroup/components/navgroups-mutate-drawer.tsx(177,15): error TS2322: Type '"roleName"' is not assignable to type '"scope" | "title" | "orderIndex" | "roles" | `roles.${number}`'.
src/modules/admin/features/navigation/navgroup/components/navgroups-mutate-drawer.tsx(187,58): error TS2339: Property 'includes' does not exist on type 'string | number | string[]'.
  Property 'includes' does not exist on type 'number'.
src/modules/admin/features/navigation/navitem/navitem-page.tsx(33,42): error TS2322: Type '(prev: { filter?: string | undefined; status?: string | undefined; organizationId?: string | undefined; sortBy?: string | undefined; userId?: string | undefined; redirect?: string | undefined; ... 7 more ...; tab?: "items" | ... 1 more ... | undefined; }) => { ...; }' is not assignable to type '{ tab: "items" | "groups"; navGroupId: string | undefined; filter: string | undefined; title: string | undefined; description: string | undefined; page: number | undefined; pageSize: number | undefined; } | ParamsReducerFn<...>'.
  Type '(prev: { filter?: string | undefined; status?: string | undefined; organizationId?: string | undefined; sortBy?: string | undefined; userId?: string | undefined; redirect?: string | undefined; ... 7 more ...; tab?: "items" | ... 1 more ... | undefined; }) => { ...; }' is not assignable to type 'ParamsReducerFn<RouterCore<Route<Register, any, "/", "/", string, "__root__", undefined, {}, { queryClient: QueryClient; user: any; }, AnyContext, ({ context }: BeforeLoadContextOptions<Register, ... 7 more ..., undefined>) => Promise<...>, ... 6 more ..., undefined>, "never", true, RouterHistory, Record<...>>, "SEA...'.
    Type '{ tab: "groups"; filter?: string | undefined; status?: string | undefined; organizationId?: string | undefined; sortBy?: string | undefined; userId?: string | undefined; redirect?: string | undefined; ... 6 more ...; navGroupId?: string | undefined; }' is not assignable to type '{ tab: "items" | "groups"; navGroupId: string | undefined; filter: string | undefined; title: string | undefined; description: string | undefined; page: number | undefined; pageSize: number | undefined; }'.
      Property 'navGroupId' is optional in type '{ tab: "groups"; filter?: string | undefined; status?: string | undefined; organizationId?: string | undefined; sortBy?: string | undefined; userId?: string | undefined; redirect?: string | undefined; ... 6 more ...; navGroupId?: string | undefined; }' but required in type '{ tab: "items" | "groups"; navGroupId: string | undefined; filter: string | undefined; title: string | undefined; description: string | undefined; page: number | undefined; pageSize: number | undefined; }'.
src/modules/admin/features/navigation/rolenavgroup/components/role-navgroup-manage-dialog.tsx(42,30): error TS2339: Property 'label' does not exist on type '{ rolePermissions: ({ permission: { action: { id: string; name: string; createdAt: Date; updatedAt: Date; description: string | null; displayName: string; resourceId: string; isSystem: boolean; }; resource: { ...; }; } & { ...; }; } & { ...; })[]; navGroupLinks: { ...; }[]; } & { ...; }'.
src/modules/admin/features/navigation/rolenavgroup/components/role-navgroup-manage-dialog.tsx(43,36): error TS2339: Property 'roleNavGroups' does not exist on type '{ rolePermissions: ({ permission: { action: { id: string; name: string; createdAt: Date; updatedAt: Date; description: string | null; displayName: string; resourceId: string; isSystem: boolean; }; resource: { ...; }; } & { ...; }; } & { ...; })[]; navGroupLinks: { ...; }[]; } & { ...; }'.
src/modules/admin/features/organization/departments/hooks/use-departments-query.ts(15,14): error TS2352: Conversion of type '({ members: ({ user: { id: string; name: string; email: string; }; } & { id: string; organizationId: string; createdAt: Date; userId: string; role: string; organizationRoleId: string | null; departmentId: string | null; })[]; children: { ...; }[]; parent: { ...; } | null; } & { ...; })[]' to type '{ id: string; name: string; code: string; organizationId: string; parentId: string | null; leader: string | null; phone: string | null; email: string | null; sort: number; level: number; path: string; ... 5 more ...; memberCount?: number | undefined; }[]' may be a mistake because neither type sufficiently overlaps with the other. If this was intentional, convert the expression to 'unknown' first.
  Property 'path' is missing in type '{ members: ({ user: { id: string; name: string; email: string; }; } & { id: string; organizationId: string; createdAt: Date; userId: string; role: string; organizationRoleId: string | null; departmentId: string | null; })[]; children: { ...; }[]; parent: { ...; } | null; } & { ...; }' but required in type '{ id: string; name: string; code: string; organizationId: string; parentId: string | null; leader: string | null; phone: string | null; email: string | null; sort: number; level: number; path: string; ... 5 more ...; memberCount?: number | undefined; }'.
src/modules/admin/features/organization/departments/server-fns/department.fn.ts(61,14): error TS2345: Argument of type '({ data }: ServerFnCtx<Register, "GET", undefined, (data: { organizationId: string; }) => { organizationId: string; }>) => Promise<DepartmentTreeNode[]>' is not assignable to parameter of type 'ServerFn<Register, "GET", undefined, (data: { organizationId: string; }) => { organizationId: string; }, Promise<DepartmentTreeNode[]>>'.
  Type 'Promise<DepartmentTreeNode[]>' is not assignable to type 'Promise<{ [x: string]: {}; id: string; name: string; code: string; level: number; parentId: string | null; children: ...[]; }[]>'.
    Type 'DepartmentTreeNode[]' is not assignable to type '{ [x: string]: {}; id: string; name: string; code: string; level: number; parentId: string | null; children: ...[]; }[]'.
      Type 'DepartmentTreeNode' is not assignable to type '{ [x: string]: {}; id: string; name: string; code: string; level: number; parentId: string | null; children: ...[]; }'.
        'string' index signatures are incompatible.
          Type 'unknown' is not assignable to type '{}'.
src/modules/admin/features/organization/departments/server-fns/department.fn.ts(95,51): error TS2345: Argument of type '{ name?: string | undefined; code?: string | undefined; parentId?: string | null | undefined; leader?: string | undefined; phone?: string | undefined; email?: string | undefined; sort?: number | undefined; status?: "ACTIVE" | ... 1 more ... | undefined; }' is not assignable to parameter of type 'UpdateDepartmentInput'.
  Types of property 'parentId' are incompatible.
    Type 'string | null | undefined' is not assignable to type 'string | undefined'.
      Type 'null' is not assignable to type 'string | undefined'.
src/modules/admin/features/payment/components/payment-order-detail-dialog.tsx(81,21): error TS2322: Type 'unknown' is not assignable to type 'string | number | bigint | boolean | ReactElement<unknown, string | JSXElementConstructor<any>> | Iterable<ReactNode> | ReactPortal | Promise<...> | null | undefined'.
src/modules/admin/features/payment/components/payment-orders-table.tsx(104,9): error TS2322: Type 'ColumnDef<{ id: string; userId: string; outTradeNo: string; transactionId: string | null; amount: number; amountYuan: string; status: "SUCCESS" | "PENDING" | "FAILED" | "REFUNDED" | "CLOSED"; description: string; ... 5 more ...; user?: { ...; } | undefined; }>[]' is not assignable to type 'ColumnDef<SerializedPaymentOrder, any>[]'.
  Type 'ColumnDef<{ id: string; userId: string; outTradeNo: string; transactionId: string | null; amount: number; amountYuan: string; status: "SUCCESS" | "PENDING" | "FAILED" | "REFUNDED" | "CLOSED"; description: string; ... 5 more ...; user?: { ...; } | undefined; }>' is not assignable to type 'ColumnDef<SerializedPaymentOrder, any>'.
    Type 'ColumnDefBase<{ id: string; userId: string; outTradeNo: string; transactionId: string | null; amount: number; amountYuan: string; status: "SUCCESS" | "PENDING" | "FAILED" | "REFUNDED" | "CLOSED"; ... 6 more ...; user?: { ...; } | undefined; }, unknown> & StringHeaderIdentifier' is not assignable to type 'ColumnDef<SerializedPaymentOrder, any>'.
      Type 'ColumnDefBase<{ id: string; userId: string; outTradeNo: string; transactionId: string | null; amount: number; amountYuan: string; status: "SUCCESS" | "PENDING" | "FAILED" | "REFUNDED" | "CLOSED"; ... 6 more ...; user?: { ...; } | undefined; }, unknown> & StringHeaderIdentifier' is not assignable to type 'AccessorFnColumnDefBase<SerializedPaymentOrder, any> & IdIdentifier<SerializedPaymentOrder, any>'.
        Property 'accessorFn' is missing in type 'ColumnDefBase<{ id: string; userId: string; outTradeNo: string; transactionId: string | null; amount: number; amountYuan: string; status: "SUCCESS" | "PENDING" | "FAILED" | "REFUNDED" | "CLOSED"; ... 6 more ...; user?: { ...; } | undefined; }, unknown> & StringHeaderIdentifier' but required in type 'AccessorFnColumnDefBase<SerializedPaymentOrder, any>'.
src/modules/admin/features/payment/server-fns/payment-order.fn.ts(46,14): error TS2345: Argument of type '({ data }: { data: z.infer<typeof ListPaymentOrdersSchema>; }) => Promise<{ items: SerializedPaymentOrder[]; total: number; page: number; pageSize: number; pageCount: number; }>' is not assignable to parameter of type 'ServerFn<Register, "GET", undefined, (data?: { page?: number | undefined; pageSize?: number | undefined; filter?: string | undefined; status?: "SUCCESS" | "PENDING" | "FAILED" | "REFUNDED" | "CLOSED" | undefined; ... 4 more ...; sortDir?: "asc" | ... 1 more ... | undefined; } | undefined) => { ...; }, Promise<...>>'.
  Type 'Promise<{ items: SerializedPaymentOrder[]; total: number; page: number; pageSize: number; pageCount: number; }>' is not assignable to type 'Promise<{ items: { id: string; userId: string; outTradeNo: string; transactionId: string | null; amount: number; amountYuan: string; status: string; description: string; paymentMethod: string; createdAt: string; updatedAt: string; paidAt: string | null; metadata: {}; user?: { ...; } | undefined; }[]; total: number; ...'.
    Type '{ items: SerializedPaymentOrder[]; total: number; page: number; pageSize: number; pageCount: number; }' is not assignable to type '{ items: { id: string; userId: string; outTradeNo: string; transactionId: string | null; amount: number; amountYuan: string; status: string; description: string; paymentMethod: string; createdAt: string; updatedAt: string; paidAt: string | null; metadata: {}; user?: { ...; } | undefined; }[]; total: number; page: nu...'.
      Types of property 'items' are incompatible.
        Type 'SerializedPaymentOrder[]' is not assignable to type '{ id: string; userId: string; outTradeNo: string; transactionId: string | null; amount: number; amountYuan: string; status: string; description: string; paymentMethod: string; createdAt: string; updatedAt: string; paidAt: string | null; metadata: {}; user?: { ...; } | undefined; }[]'.
          Type 'SerializedPaymentOrder' is not assignable to type '{ id: string; userId: string; outTradeNo: string; transactionId: string | null; amount: number; amountYuan: string; status: string; description: string; paymentMethod: string; createdAt: string; updatedAt: string; paidAt: string | null; metadata: {}; user?: { ...; } | undefined; }'.
            Types of property 'metadata' are incompatible.
              Type 'unknown' is not assignable to type '{}'.
src/modules/admin/features/payment/server-fns/payment-order.fn.ts(60,14): error TS2345: Argument of type '({ data }: { data: { id: string; }; }) => Promise<SerializedPaymentOrder>' is not assignable to parameter of type 'ServerFn<Register, "GET", undefined, (data: { id: string; }) => { id: string; }, Promise<SerializedPaymentOrder>>'.
  Type 'Promise<SerializedPaymentOrder>' is not assignable to type 'Promise<{ id: string; userId: string; outTradeNo: string; transactionId: string | null; amount: number; amountYuan: string; status: string; description: string; paymentMethod: string; createdAt: string; updatedAt: string; paidAt: string | null; metadata: {}; user?: { ...; } | undefined; }>'.
    Type 'SerializedPaymentOrder' is not assignable to type '{ id: string; userId: string; outTradeNo: string; transactionId: string | null; amount: number; amountYuan: string; status: string; description: string; paymentMethod: string; createdAt: string; updatedAt: string; paidAt: string | null; metadata: {}; user?: { ...; } | undefined; }'.
      Types of property 'metadata' are incompatible.
        Type 'unknown' is not assignable to type '{}'.
src/modules/admin/features/payment/server-fns/payment-order.fn.ts(84,14): error TS2345: Argument of type '({ data }: { data: z.infer<typeof UpdatePaymentOrderStatusSchema>; }) => Promise<SerializedPaymentOrder>' is not assignable to parameter of type 'ServerFn<Register, "POST", undefined, (data: { id: string; status: "SUCCESS" | "PENDING" | "FAILED" | "REFUNDED" | "CLOSED"; note?: string | undefined; }) => { id: string; status: "SUCCESS" | ... 3 more ... | "CLOSED"; note?: string | undefined; }, Promise<...>>'.
  Type 'Promise<SerializedPaymentOrder>' is not assignable to type 'Promise<{ id: string; userId: string; outTradeNo: string; transactionId: string | null; amount: number; amountYuan: string; status: string; description: string; paymentMethod: string; createdAt: string; updatedAt: string; paidAt: string | null; metadata: {}; user?: { ...; } | undefined; }>'.
    Type 'SerializedPaymentOrder' is not assignable to type '{ id: string; userId: string; outTradeNo: string; transactionId: string | null; amount: number; amountYuan: string; status: string; description: string; paymentMethod: string; createdAt: string; updatedAt: string; paidAt: string | null; metadata: {}; user?: { ...; } | undefined; }'.
      Types of property 'metadata' are incompatible.
        Type 'unknown' is not assignable to type '{}'.
src/modules/admin/features/payment/server-fns/payment-order.fn.ts(96,14): error TS2345: Argument of type '({ data }: { data: z.infer<typeof UpdatePaymentOrderSchema>; }) => Promise<SerializedPaymentOrder>' is not assignable to parameter of type 'ServerFn<Register, "POST", undefined, (data: { id: string; description?: string | undefined; metadata?: any; }) => { id: string; description?: string | undefined; metadata?: any; }, Promise<...>>'.
  Type 'Promise<SerializedPaymentOrder>' is not assignable to type 'Promise<{ id: string; userId: string; outTradeNo: string; transactionId: string | null; amount: number; amountYuan: string; status: string; description: string; paymentMethod: string; createdAt: string; updatedAt: string; paidAt: string | null; metadata: {}; user?: { ...; } | undefined; }>'.
    Type 'SerializedPaymentOrder' is not assignable to type '{ id: string; userId: string; outTradeNo: string; transactionId: string | null; amount: number; amountYuan: string; status: string; description: string; paymentMethod: string; createdAt: string; updatedAt: string; paidAt: string | null; metadata: {}; user?: { ...; } | undefined; }'.
      Types of property 'metadata' are incompatible.
        Type 'unknown' is not assignable to type '{}'.
src/modules/admin/features/rbac/org-roles/components/org-role-mutate-dialog.tsx(100,7): error TS2322: Type '{ organizationId: string; role: string; displayName: string; description?: string | undefined; templateRoleId?: string | undefined; copyTemplatePermissions?: boolean | undefined; isActive?: boolean | undefined; }' is not assignable to type '{ organizationId: string; role: string; displayName: string; copyTemplatePermissions: boolean; isActive: boolean; description?: string | undefined; templateRoleId?: string | undefined; metadata?: any; }'.
  Types of property 'copyTemplatePermissions' are incompatible.
    Type 'boolean | undefined' is not assignable to type 'boolean'.
      Type 'undefined' is not assignable to type 'boolean'.
src/modules/admin/features/rbac/permissions/hooks/use-permission-api.ts(34,45): error TS2322: Type '{ page?: number | undefined; pageSize?: number | undefined; filter?: string | undefined; resource?: string | undefined; } | undefined' is not assignable to type 'undefined'.
  Type '{ page?: number | undefined; pageSize?: number | undefined; filter?: string | undefined; resource?: string | undefined; }' is not assignable to type 'undefined'.
src/modules/admin/features/rbac/permissions/hooks/use-permission-api.ts(87,47): error TS2739: Type '{ resource: string; action: string; label: string; description?: string | undefined; }' is missing the following properties from type '{ resourceId: string; actionId: string; displayName: string; description?: string | undefined; category?: string | undefined; }': resourceId, actionId, displayName
src/modules/admin/features/rbac/permissions/hooks/use-permission-api.ts(112,47): error TS2322: Type '{ id: string; label?: string | undefined; description?: string | null | undefined; }' is not assignable to type '{ id: string; displayName?: string | undefined; description?: string | undefined; category?: string | undefined; }'.
  Types of property 'description' are incompatible.
    Type 'string | null | undefined' is not assignable to type 'string | undefined'.
      Type 'null' is not assignable to type 'string | undefined'.
src/modules/admin/features/rbac/permissions/services/permission.service.ts(45,13): error TS2322: Type '{ resource?: string | undefined; action?: string | undefined; }' is not assignable to type 'PermissionWhereInput'.
  Types of property 'resource' are incompatible.
    Type 'string | undefined' is not assignable to type '(Without<ResourceScalarRelationFilter, ResourceWhereInput> & ResourceWhereInput) | (Without<...> & ResourceScalarRelationFilter) | undefined'.
      Type 'string' is not assignable to type '(Without<ResourceScalarRelationFilter, ResourceWhereInput> & ResourceWhereInput) | (Without<...> & ResourceScalarRelationFilter) | undefined'.
src/modules/admin/features/rbac/permissions/services/permission.service.ts(47,19): error TS2559: Type 'string' has no properties in common with type 'ResourceOrderByWithRelationInput'.
src/modules/admin/features/rbac/permissions/services/permission.service.ts(48,19): error TS2559: Type 'string' has no properties in common with type 'ActionOrderByWithRelationInput'.
src/modules/admin/features/rbac/permissions/services/permission.service.ts(78,43): error TS2322: Type '{ OR?: { name?: { contains: string; } | undefined; label?: { contains: string; } | undefined; resource?: { contains: string; } | undefined; }[] | undefined; resource?: string | undefined; }' is not assignable to type 'PermissionWhereInput'.
  Types of property 'OR' are incompatible.
    Type '{ name?: { contains: string; } | undefined; label?: { contains: string; } | undefined; resource?: { contains: string; } | undefined; }[] | undefined' is not assignable to type 'PermissionWhereInput[] | undefined'.
      Type '{ name?: { contains: string; } | undefined; label?: { contains: string; } | undefined; resource?: { contains: string; } | undefined; }[]' is not assignable to type 'PermissionWhereInput[]'.
        Type '{ name?: { contains: string; } | undefined; label?: { contains: string; } | undefined; resource?: { contains: string; } | undefined; }' is not assignable to type 'PermissionWhereInput'.
          Types of property 'resource' are incompatible.
            Type '{ contains: string; } | undefined' is not assignable to type '(Without<ResourceScalarRelationFilter, ResourceWhereInput> & ResourceWhereInput) | (Without<...> & ResourceScalarRelationFilter) | undefined'.
              Type '{ contains: string; }' is not assignable to type '(Without<ResourceScalarRelationFilter, ResourceWhereInput> & ResourceWhereInput) | (Without<...> & ResourceScalarRelationFilter) | undefined'.
src/modules/admin/features/rbac/permissions/services/permission.service.ts(80,21): error TS2322: Type '{ OR?: { name?: { contains: string; } | undefined; label?: { contains: string; } | undefined; resource?: { contains: string; } | undefined; }[] | undefined; resource?: string | undefined; }' is not assignable to type 'PermissionWhereInput'.
  Types of property 'OR' are incompatible.
    Type '{ name?: { contains: string; } | undefined; label?: { contains: string; } | undefined; resource?: { contains: string; } | undefined; }[] | undefined' is not assignable to type 'PermissionWhereInput[] | undefined'.
      Type '{ name?: { contains: string; } | undefined; label?: { contains: string; } | undefined; resource?: { contains: string; } | undefined; }[]' is not assignable to type 'PermissionWhereInput[]'.
        Type '{ name?: { contains: string; } | undefined; label?: { contains: string; } | undefined; resource?: { contains: string; } | undefined; }' is not assignable to type 'PermissionWhereInput'.
          Types of property 'resource' are incompatible.
            Type '{ contains: string; } | undefined' is not assignable to type '(Without<ResourceScalarRelationFilter, ResourceWhereInput> & ResourceWhereInput) | (Without<...> & ResourceScalarRelationFilter) | undefined'.
              Type '{ contains: string; }' is not assignable to type '(Without<ResourceScalarRelationFilter, ResourceWhereInput> & ResourceWhereInput) | (Without<...> & ResourceScalarRelationFilter) | undefined'.
src/modules/admin/features/rbac/permissions/services/permission.service.ts(84,27): error TS2559: Type 'string' has no properties in common with type 'ResourceOrderByWithRelationInput'.
src/modules/admin/features/rbac/permissions/services/permission.service.ts(85,27): error TS2559: Type 'string' has no properties in common with type 'ActionOrderByWithRelationInput'.
src/modules/admin/features/rbac/permissions/services/permission.service.ts(139,26): error TS2353: Object literal may only specify known properties, and 'name' does not exist in type 'PermissionWhereUniqueInput'.
src/modules/admin/features/rbac/permissions/services/permission.service.ts(149,21): error TS2353: Object literal may only specify known properties, and 'name' does not exist in type '(Without<PermissionCreateInput, PermissionUncheckedCreateInput> & PermissionUncheckedCreateInput) | (Without<...> & PermissionCreateInput)'.
src/modules/admin/features/rbac/permissions/services/role-permission.service.ts(43,39): error TS2339: Property 'systemRole' does not exist on type 'PrismaClient'.
src/modules/admin/features/system-config/components/system-config-history-dialog.tsx(23,73): error TS2554: Expected 0-1 arguments, but got 2.
src/modules/admin/shared/hooks/loggingMiddleware.tsx(20,11): error TS2345: Argument of type '(ctx: MiddlewareCtx) => Promise<{ context?: LogContext; }>' is not assignable to parameter of type 'FunctionMiddlewareClientFn<{}, unknown, undefined, undefined, LogContext | undefined>'.
  Type 'Promise<{ context?: LogContext | undefined; }>' is not assignable to type 'FunctionMiddlewareClientFnResult<unknown, undefined, LogContext | undefined>'.
    Type 'Promise<{ context?: LogContext | undefined; }>' is not assignable to type 'Promise<FunctionClientResultWithContext<unknown, undefined, LogContext | undefined>>'.
      Type '{ context?: LogContext | undefined; }' is missing the following properties from type 'FunctionClientResultWithContext<unknown, undefined, LogContext | undefined>': 'use functions must return the result of next()', sendContext, headers
src/modules/admin/shared/hooks/loggingMiddleware.tsx(28,11): error TS2345: Argument of type '(ctx: MiddlewareCtx) => Promise<{ context?: LogContext; }>' is not assignable to parameter of type 'FunctionMiddlewareServerFn<{}, unknown, undefined, undefined, LogContext | undefined, undefined>'.
  Type 'Promise<{ context?: LogContext | undefined; }>' is not assignable to type 'FunctionMiddlewareServerFnResult<{}, unknown, undefined, LogContext | undefined, undefined>'.
    Type 'Promise<{ context?: LogContext | undefined; }>' is not assignable to type 'Promise<FunctionServerResultWithContext<{}, unknown, undefined, LogContext | undefined, undefined>>'.
      Type '{ context?: LogContext | undefined; }' is missing the following properties from type 'FunctionServerResultWithContext<{}, unknown, undefined, LogContext | undefined, undefined>': 'use functions must return the result of next()', '~types', sendContext
src/modules/admin/shared/hooks/loggingMiddleware.tsx(48,11): error TS2345: Argument of type '(ctx: MiddlewareCtx) => Promise<{ context?: LogContext; }>' is not assignable to parameter of type 'FunctionMiddlewareClientFn<{}, readonly [FunctionMiddlewareAfterServer<{}, unknown, undefined, LogContext | undefined, undefined, LogContext | undefined, undefined>], undefined, undefined, LogContext | undefined>'.
  Type 'Promise<{ context?: LogContext | undefined; }>' is not assignable to type 'FunctionMiddlewareClientFnResult<readonly [FunctionMiddlewareAfterServer<{}, unknown, undefined, LogContext | undefined, undefined, LogContext | undefined, undefined>], undefined, LogContext | undefined>'.
    Type 'Promise<{ context?: LogContext | undefined; }>' is not assignable to type 'Promise<FunctionClientResultWithContext<readonly [FunctionMiddlewareAfterServer<{}, unknown, undefined, LogContext | undefined, undefined, LogContext | undefined, undefined>], undefined, LogContext | undefined>>'.
      Type '{ context?: LogContext | undefined; }' is missing the following properties from type 'FunctionClientResultWithContext<readonly [FunctionMiddlewareAfterServer<{}, unknown, undefined, LogContext | undefined, undefined, LogContext | undefined, undefined>], undefined, LogContext | undefined>': 'use functions must return the result of next()', sendContext, headers
src/modules/admin/shared/hooks/use-department-api.ts(14,8): error TS2307: Cannot find module '../server-fns/department.fn' or its corresponding type declarations.
src/modules/admin/shared/index.ts(1,15): error TS2307: Cannot find module './hooks/use-admin-log-api' or its corresponding type declarations.
src/modules/admin/shared/index.ts(2,15): error TS2307: Cannot find module './hooks/use-admin-member-api' or its corresponding type declarations.
src/modules/admin/shared/index.ts(3,15): error TS2307: Cannot find module './hooks/use-admin-organization-api' or its corresponding type declarations.
src/modules/admin/shared/index.ts(4,15): error TS2307: Cannot find module './hooks/use-admin-session-api' or its corresponding type declarations.
src/modules/admin/shared/index.ts(5,15): error TS2307: Cannot find module './hooks/use-navgroup-api' or its corresponding type declarations.
src/modules/admin/shared/index.ts(6,15): error TS2307: Cannot find module './hooks/use-navitem-api' or its corresponding type declarations.
src/modules/admin/shared/index.ts(7,15): error TS2307: Cannot find module './hooks/use-translation-api' or its corresponding type declarations.
src/modules/admin/shared/index.ts(9,15): error TS2307: Cannot find module './types' or its corresponding type declarations.
src/modules/auth/features/wechat/wechat-login-button.tsx(83,54): error TS2339: Property 'wechat' does not exist on type '{ username: <FetchOptions extends ClientFetchOption<Partial<{ username: string; password: string; rememberMe?: boolean | undefined; callbackURL?: string | undefined; }> & Record<string, any>, Partial<...> & Record<...>, Record<...> | undefined>>(data_0: Prettify<...>, data_1?: FetchOptions | undefined) => Promise<.....'.
src/modules/auth/shared/lib/auth-guard.ts(20,77): error TS2345: Argument of type '({ next }: AuthMiddlewareCtx) => Promise<{ context?: AuthContext; }>' is not assignable to parameter of type 'FunctionMiddlewareServerFn<{}, unknown, undefined, undefined, AuthContext | undefined, undefined>'.
  Type 'Promise<{ context?: AuthContext | undefined; }>' is not assignable to type 'FunctionMiddlewareServerFnResult<{}, unknown, undefined, AuthContext | undefined, undefined>'.
    Type 'Promise<{ context?: AuthContext | undefined; }>' is not assignable to type 'Promise<FunctionServerResultWithContext<{}, unknown, undefined, AuthContext | undefined, undefined>>'.
      Type '{ context?: AuthContext | undefined; }' is missing the following properties from type 'FunctionServerResultWithContext<{}, unknown, undefined, AuthContext | undefined, undefined>': 'use functions must return the result of next()', '~types', sendContext
src/modules/settings/features/settings/components/sidebar-nav.tsx(47,9): error TS2322: Type '{ children: Element; orientation: string; type: "always"; className: string; }' is not assignable to type 'IntrinsicAttributes & ScrollAreaProps & RefAttributes<HTMLDivElement>'.
  Property 'orientation' does not exist on type 'IntrinsicAttributes & ScrollAreaProps & RefAttributes<HTMLDivElement>'.
src/routes/api/v1/home/data.ts(14,63): error TS2345: Argument of type '"homeRoute_mobile"' is not assignable to parameter of type 'keyof RuntimeConfigShape'.
src/routes/api/v1/home/data.ts(18,44): error TS2339: Property 'post' does not exist on type 'PrismaClient'.
src/shared/hooks/use-table-url-state.ts(110,16): error TS7006: Parameter 'prev' implicitly has an 'any' type.
src/shared/hooks/use-table-url-state.ts(130,20): error TS7006: Parameter 'prev' implicitly has an 'any' type.
src/shared/hooks/use-table-url-state.ts(158,16): error TS7006: Parameter 'prev' implicitly has an 'any' type.
src/shared/hooks/use-table-url-state.ts(172,18): error TS7006: Parameter 'prev' implicitly has an 'any' type.
src/shared/hooks/use-url-synced-sorting.ts(76,18): error TS7006: Parameter 'prev' implicitly has an 'any' type.
src/start.ts(6,42): error TS2345: Argument of type '() => { requestMiddleware: readonly [FunctionMiddlewareAfterServer<{}, unknown, undefined, AuthContext | undefined, undefined, undefined, undefined>]; functionMiddleware: readonly [...]; }' is not assignable to parameter of type '() => Omit<StartInstanceOptions<[], SSROption, readonly AnyRequestMiddleware[], readonly [FunctionMiddlewareAfterClient<{}, readonly [FunctionMiddlewareAfterServer<{}, unknown, undefined, LogContext | undefined, undefined, LogContext | undefined, undefined>], undefined, undefined, LogContext | undefined>]>, "~types"...'.
  Type '{ requestMiddleware: readonly [FunctionMiddlewareAfterServer<{}, unknown, undefined, AuthContext | undefined, undefined, undefined, undefined>]; functionMiddleware: readonly [...]; }' is not assignable to type 'Omit<StartInstanceOptions<[], SSROption, readonly AnyRequestMiddleware[], readonly [FunctionMiddlewareAfterClient<{}, readonly [FunctionMiddlewareAfterServer<{}, unknown, undefined, LogContext | undefined, undefined, LogContext | undefined, undefined>], undefined, undefined, LogContext | undefined>]>, "~types"> | Pr...'.
    Type '{ requestMiddleware: readonly [FunctionMiddlewareAfterServer<{}, unknown, undefined, AuthContext | undefined, undefined, undefined, undefined>]; functionMiddleware: readonly [...]; }' is not assignable to type 'Omit<StartInstanceOptions<[], SSROption, readonly AnyRequestMiddleware[], readonly [FunctionMiddlewareAfterClient<{}, readonly [FunctionMiddlewareAfterServer<{}, unknown, undefined, LogContext | undefined, undefined, LogContext | undefined, undefined>], undefined, undefined, LogContext | undefined>]>, "~types">'.
      Types of property 'requestMiddleware' are incompatible.
        Type 'readonly [FunctionMiddlewareAfterServer<{}, unknown, undefined, AuthContext | undefined, undefined, undefined, undefined>]' is not assignable to type 'readonly AnyRequestMiddleware[]'.
          Type 'FunctionMiddlewareAfterServer<{}, unknown, undefined, AuthContext | undefined, undefined, undefined, undefined>' is not assignable to type 'AnyRequestMiddleware'.
            The types of ''~types'.type' are incompatible between these types.
              Type '"function"' is not assignable to type '"request"'.
vite.config.ts(32,7): error TS2353: Object literal may only specify known properties, and 'customViteReactPlugin' does not exist in type '{ srcDirectory?: string | undefined; start?: { entry?: string | undefined; } | undefined; router?: ({ entry?: string | undefined; basepath?: string | undefined; } & { virtualRouteConfig?: string | ... 1 more ... | undefined; ... 23 more ...; plugin?: { ...; } | undefined; }) | undefined; ... 8 more ...; importProtec...'.
vite.config.ts(75,7): error TS2769: No overload matches this call.
  The last overload gave the following error.
    Object literal may only specify known properties, and 'inline' does not exist in type 'DepsOptions'.

